<?xml version="1.0" encoding="UTF-8"?>
<!-- Generated by org.testng.reporters.JUnitReportReporter -->
<testsuite hostname="LAPTOP-SF4Q7UTJ" failures="0" tests="3" name="sample.TestScenarios" time="77.318" errors="0" timestamp="2024-04-14T17:55:13 IST" skipped="0">
  <testcase classname="sample.TestScenarios" name="dragAndDropImages" time="17.924"/>
  <testcase classname="sample.TestScenarios" name="chooseCountryFromDropdown" time="23.742"/>
  <testcase classname="sample.TestScenarios" name="fillSamplePageForm" time="35.652"/>
</testsuite> <!-- sample.TestScenarios -->
